(0.000) 
            SELECT c.relname,
            CASE WHEN c.relispartition THEN 'p' WHEN c.relkind IN ('m', 'v') THEN 'v' ELSE 't' END
            FROM pg_catalog.pg_class c
            LEFT JOIN pg_catalog.pg_namespace n ON n.oid = c.relnamespace
            WHERE c.relkind IN ('f', 'm', 'p', 'r', 'v')
                AND n.nspname NOT IN ('pg_catalog', 'pg_toast')
                AND pg_catalog.pg_table_is_visible(c.oid)
        ; args=None
(0.000) SELECT "django_migrations"."id", "django_migrations"."app", "django_migrations"."name", "django_migrations"."applied" FROM "django_migrations"; args=()
(0.016) 
            SELECT c.relname,
            CASE WHEN c.relispartition THEN 'p' WHEN c.relkind IN ('m', 'v') THEN 'v' ELSE 't' END
            FROM pg_catalog.pg_class c
            LEFT JOIN pg_catalog.pg_namespace n ON n.oid = c.relnamespace
            WHERE c.relkind IN ('f', 'm', 'p', 'r', 'v')
                AND n.nspname NOT IN ('pg_catalog', 'pg_toast')
                AND pg_catalog.pg_table_is_visible(c.oid)
        ; args=None
(0.000) SELECT "django_migrations"."id", "django_migrations"."app", "django_migrations"."name", "django_migrations"."applied" FROM "django_migrations"; args=()
(0.000) 
            SELECT c.relname,
            CASE WHEN c.relispartition THEN 'p' WHEN c.relkind IN ('m', 'v') THEN 'v' ELSE 't' END
            FROM pg_catalog.pg_class c
            LEFT JOIN pg_catalog.pg_namespace n ON n.oid = c.relnamespace
            WHERE c.relkind IN ('f', 'm', 'p', 'r', 'v')
                AND n.nspname NOT IN ('pg_catalog', 'pg_toast')
                AND pg_catalog.pg_table_is_visible(c.oid)
        ; args=None
(0.000) SELECT "django_migrations"."id", "django_migrations"."app", "django_migrations"."name", "django_migrations"."applied" FROM "django_migrations"; args=()
(0.016) 
            SELECT c.relname,
            CASE WHEN c.relispartition THEN 'p' WHEN c.relkind IN ('m', 'v') THEN 'v' ELSE 't' END
            FROM pg_catalog.pg_class c
            LEFT JOIN pg_catalog.pg_namespace n ON n.oid = c.relnamespace
            WHERE c.relkind IN ('f', 'm', 'p', 'r', 'v')
                AND n.nspname NOT IN ('pg_catalog', 'pg_toast')
                AND pg_catalog.pg_table_is_visible(c.oid)
        ; args=None
(0.000) SELECT "django_migrations"."id", "django_migrations"."app", "django_migrations"."name", "django_migrations"."applied" FROM "django_migrations"; args=()
(0.000) 
            SELECT c.relname,
            CASE WHEN c.relispartition THEN 'p' WHEN c.relkind IN ('m', 'v') THEN 'v' ELSE 't' END
            FROM pg_catalog.pg_class c
            LEFT JOIN pg_catalog.pg_namespace n ON n.oid = c.relnamespace
            WHERE c.relkind IN ('f', 'm', 'p', 'r', 'v')
                AND n.nspname NOT IN ('pg_catalog', 'pg_toast')
                AND pg_catalog.pg_table_is_visible(c.oid)
        ; args=None
(0.000) SELECT "django_migrations"."id", "django_migrations"."app", "django_migrations"."name", "django_migrations"."applied" FROM "django_migrations"; args=()
(0.000) 
            SELECT c.relname,
            CASE WHEN c.relispartition THEN 'p' WHEN c.relkind IN ('m', 'v') THEN 'v' ELSE 't' END
            FROM pg_catalog.pg_class c
            LEFT JOIN pg_catalog.pg_namespace n ON n.oid = c.relnamespace
            WHERE c.relkind IN ('f', 'm', 'p', 'r', 'v')
                AND n.nspname NOT IN ('pg_catalog', 'pg_toast')
                AND pg_catalog.pg_table_is_visible(c.oid)
        ; args=None
(0.000) SELECT "django_migrations"."id", "django_migrations"."app", "django_migrations"."name", "django_migrations"."applied" FROM "django_migrations"; args=()
(0.016) 
            SELECT c.relname,
            CASE WHEN c.relispartition THEN 'p' WHEN c.relkind IN ('m', 'v') THEN 'v' ELSE 't' END
            FROM pg_catalog.pg_class c
            LEFT JOIN pg_catalog.pg_namespace n ON n.oid = c.relnamespace
            WHERE c.relkind IN ('f', 'm', 'p', 'r', 'v')
                AND n.nspname NOT IN ('pg_catalog', 'pg_toast')
                AND pg_catalog.pg_table_is_visible(c.oid)
        ; args=None
(0.000) SELECT "django_migrations"."id", "django_migrations"."app", "django_migrations"."name", "django_migrations"."applied" FROM "django_migrations"; args=()
(0.000) 
            SELECT c.relname,
            CASE WHEN c.relispartition THEN 'p' WHEN c.relkind IN ('m', 'v') THEN 'v' ELSE 't' END
            FROM pg_catalog.pg_class c
            LEFT JOIN pg_catalog.pg_namespace n ON n.oid = c.relnamespace
            WHERE c.relkind IN ('f', 'm', 'p', 'r', 'v')
                AND n.nspname NOT IN ('pg_catalog', 'pg_toast')
                AND pg_catalog.pg_table_is_visible(c.oid)
        ; args=None
(0.000) SELECT "django_migrations"."id", "django_migrations"."app", "django_migrations"."name", "django_migrations"."applied" FROM "django_migrations"; args=()
(0.609) SELECT "auth_user"."id", "auth_user"."password", "auth_user"."last_login", "auth_user"."is_superuser", "auth_user"."username", "auth_user"."first_name", "auth_user"."last_name", "auth_user"."email", "auth_user"."is_staff", "auth_user"."is_active", "auth_user"."date_joined" FROM "auth_user" WHERE "auth_user"."username" = 'karthik' LIMIT 21; args=('karthik',)
(0.000) SELECT (1) AS "a" FROM "django_session" WHERE "django_session"."session_key" = 'lplcsvkdwg7xsukxxdjrtx6rl0fln663' LIMIT 1; args=('lplcsvkdwg7xsukxxdjrtx6rl0fln663',)
(0.000) INSERT INTO "django_session" ("session_key", "session_data", "expire_date") VALUES ('lplcsvkdwg7xsukxxdjrtx6rl0fln663', 'e30:1lWxXB:2Id6cdcz1_OLqNxP8xRDIQg8b5W3UwyQCnROAuo2Enk', '2021-04-29T08:39:33.466954+00:00'::timestamptz); args=('lplcsvkdwg7xsukxxdjrtx6rl0fln663', 'e30:1lWxXB:2Id6cdcz1_OLqNxP8xRDIQg8b5W3UwyQCnROAuo2Enk', datetime.datetime(2021, 4, 29, 8, 39, 33, 466954, tzinfo=<UTC>))
(0.000) UPDATE "auth_user" SET "last_login" = '2021-04-15T08:39:33.488955+00:00'::timestamptz WHERE "auth_user"."id" = 1; args=(datetime.datetime(2021, 4, 15, 8, 39, 33, 488955, tzinfo=<UTC>), 1)
(0.000) UPDATE "django_session" SET "session_data" = '.eJxVjDsOwjAQBe_iGln4F8eU9DmDtd5d4wCypTipEHeHSCmgfTPzXiLCtpa4dV7iTOIilDj9bgnwwXUHdId6axJbXZc5yV2RB-1yasTP6-H-HRTo5Vv7bJRBD8E4jXTWA7LiZHMymEhzAG_1QE4HxeTZjoCGMqIbyWqXbBDvD_dVOJI:1lWxXB:9ThMaxoBVRrt44olqucyGB1pYbF-xMevNlt2kbHQyXc', "expire_date" = '2021-04-29T08:39:33.492242+00:00'::timestamptz WHERE "django_session"."session_key" = 'lplcsvkdwg7xsukxxdjrtx6rl0fln663'; args=('.eJxVjDsOwjAQBe_iGln4F8eU9DmDtd5d4wCypTipEHeHSCmgfTPzXiLCtpa4dV7iTOIilDj9bgnwwXUHdId6axJbXZc5yV2RB-1yasTP6-H-HRTo5Vv7bJRBD8E4jXTWA7LiZHMymEhzAG_1QE4HxeTZjoCGMqIbyWqXbBDvD_dVOJI:1lWxXB:9ThMaxoBVRrt44olqucyGB1pYbF-xMevNlt2kbHQyXc', datetime.datetime(2021, 4, 29, 8, 39, 33, 492242, tzinfo=<UTC>), 'lplcsvkdwg7xsukxxdjrtx6rl0fln663')
(0.000) SELECT "django_session"."session_key", "django_session"."session_data", "django_session"."expire_date" FROM "django_session" WHERE ("django_session"."expire_date" > '2021-04-15T08:39:33.504689+00:00'::timestamptz AND "django_session"."session_key" = 'lplcsvkdwg7xsukxxdjrtx6rl0fln663') LIMIT 21; args=(datetime.datetime(2021, 4, 15, 8, 39, 33, 504689, tzinfo=<UTC>), 'lplcsvkdwg7xsukxxdjrtx6rl0fln663')
(0.000) SELECT "auth_user"."id", "auth_user"."password", "auth_user"."last_login", "auth_user"."is_superuser", "auth_user"."username", "auth_user"."first_name", "auth_user"."last_name", "auth_user"."email", "auth_user"."is_staff", "auth_user"."is_active", "auth_user"."date_joined" FROM "auth_user" WHERE "auth_user"."id" = 1 LIMIT 21; args=(1,)
(0.000) SELECT "profiles_status"."id", "profiles_status"."account_number", "profiles_status"."balance", "profiles_status"."user_name" FROM "profiles_status" WHERE "profiles_status"."user_name" = 'karthik' LIMIT 21; args=('karthik',)
(0.000) SELECT "django_session"."session_key", "django_session"."session_data", "django_session"."expire_date" FROM "django_session" WHERE ("django_session"."expire_date" > '2021-04-15T08:39:42.560105+00:00'::timestamptz AND "django_session"."session_key" = 'lplcsvkdwg7xsukxxdjrtx6rl0fln663') LIMIT 21; args=(datetime.datetime(2021, 4, 15, 8, 39, 42, 560105, tzinfo=<UTC>), 'lplcsvkdwg7xsukxxdjrtx6rl0fln663')
(0.000) SELECT "auth_user"."id", "auth_user"."password", "auth_user"."last_login", "auth_user"."is_superuser", "auth_user"."username", "auth_user"."first_name", "auth_user"."last_name", "auth_user"."email", "auth_user"."is_staff", "auth_user"."is_active", "auth_user"."date_joined" FROM "auth_user" WHERE "auth_user"."id" = 1 LIMIT 21; args=(1,)
(0.000) INSERT INTO "profiles_moneytransfer" ("enter_your_user_name", "enter_the_destination_account_number", "enter_the_amount_to_be_transferred_in_INR") VALUES ('karthik', 661597, 1000) RETURNING "profiles_moneytransfer"."id"; args=('karthik', 661597, 1000)
(0.000) SELECT "django_session"."session_key", "django_session"."session_data", "django_session"."expire_date" FROM "django_session" WHERE ("django_session"."expire_date" > '2021-04-15T08:39:52.113834+00:00'::timestamptz AND "django_session"."session_key" = 'lplcsvkdwg7xsukxxdjrtx6rl0fln663') LIMIT 21; args=(datetime.datetime(2021, 4, 15, 8, 39, 52, 113834, tzinfo=<UTC>), 'lplcsvkdwg7xsukxxdjrtx6rl0fln663')
(0.000) SELECT "auth_user"."id", "auth_user"."password", "auth_user"."last_login", "auth_user"."is_superuser", "auth_user"."username", "auth_user"."first_name", "auth_user"."last_name", "auth_user"."email", "auth_user"."is_staff", "auth_user"."is_active", "auth_user"."date_joined" FROM "auth_user" WHERE "auth_user"."id" = 1 LIMIT 21; args=(1,)
(0.000) SELECT "profiles_moneytransfer"."id", "profiles_moneytransfer"."enter_your_user_name", "profiles_moneytransfer"."enter_the_destination_account_number", "profiles_moneytransfer"."enter_the_amount_to_be_transferred_in_INR" FROM "profiles_moneytransfer" WHERE "profiles_moneytransfer"."enter_your_user_name" = 'karthik' LIMIT 21; args=('karthik',)
(0.000) SELECT "profiles_status"."id", "profiles_status"."account_number", "profiles_status"."balance", "profiles_status"."user_name" FROM "profiles_status" WHERE "profiles_status"."account_number" = 661597 LIMIT 21; args=(661597,)
(0.000) SELECT "profiles_status"."id", "profiles_status"."account_number", "profiles_status"."balance", "profiles_status"."user_name" FROM "profiles_status" WHERE "profiles_status"."user_name" = 'karthik' LIMIT 21; args=('karthik',)
(0.016) UPDATE "profiles_status" SET "account_number" = 661597, "balance" = 0, "user_name" = 'karthik' WHERE "profiles_status"."id" = 1; args=(661597, 0, 'karthik', 1)
(0.000) UPDATE "profiles_status" SET "account_number" = 661597, "balance" = 2000, "user_name" = 'karthik' WHERE "profiles_status"."id" = 1; args=(661597, 2000, 'karthik', 1)
(0.000) DELETE FROM "profiles_moneytransfer" WHERE "profiles_moneytransfer"."id" IN (4); args=(4,)
(0.000) SELECT "django_session"."session_key", "django_session"."session_data", "django_session"."expire_date" FROM "django_session" WHERE ("django_session"."expire_date" > '2021-04-15T08:39:52.141007+00:00'::timestamptz AND "django_session"."session_key" = 'lplcsvkdwg7xsukxxdjrtx6rl0fln663') LIMIT 21; args=(datetime.datetime(2021, 4, 15, 8, 39, 52, 141007, tzinfo=<UTC>), 'lplcsvkdwg7xsukxxdjrtx6rl0fln663')
(0.000) SELECT "auth_user"."id", "auth_user"."password", "auth_user"."last_login", "auth_user"."is_superuser", "auth_user"."username", "auth_user"."first_name", "auth_user"."last_name", "auth_user"."email", "auth_user"."is_staff", "auth_user"."is_active", "auth_user"."date_joined" FROM "auth_user" WHERE "auth_user"."id" = 1 LIMIT 21; args=(1,)
(0.000) SELECT "django_session"."session_key", "django_session"."session_data", "django_session"."expire_date" FROM "django_session" WHERE ("django_session"."expire_date" > '2021-04-15T08:39:53.870448+00:00'::timestamptz AND "django_session"."session_key" = 'lplcsvkdwg7xsukxxdjrtx6rl0fln663') LIMIT 21; args=(datetime.datetime(2021, 4, 15, 8, 39, 53, 870448, tzinfo=<UTC>), 'lplcsvkdwg7xsukxxdjrtx6rl0fln663')
(0.000) SELECT "auth_user"."id", "auth_user"."password", "auth_user"."last_login", "auth_user"."is_superuser", "auth_user"."username", "auth_user"."first_name", "auth_user"."last_name", "auth_user"."email", "auth_user"."is_staff", "auth_user"."is_active", "auth_user"."date_joined" FROM "auth_user" WHERE "auth_user"."id" = 1 LIMIT 21; args=(1,)
(0.000) SELECT "profiles_status"."id", "profiles_status"."account_number", "profiles_status"."balance", "profiles_status"."user_name" FROM "profiles_status" WHERE "profiles_status"."user_name" = 'karthik' LIMIT 21; args=('karthik',)
(0.000) SELECT "django_session"."session_key", "django_session"."session_data", "django_session"."expire_date" FROM "django_session" WHERE ("django_session"."expire_date" > '2021-04-15T08:39:56.707675+00:00'::timestamptz AND "django_session"."session_key" = 'lplcsvkdwg7xsukxxdjrtx6rl0fln663') LIMIT 21; args=(datetime.datetime(2021, 4, 15, 8, 39, 56, 707675, tzinfo=<UTC>), 'lplcsvkdwg7xsukxxdjrtx6rl0fln663')
(0.000) SELECT "auth_user"."id", "auth_user"."password", "auth_user"."last_login", "auth_user"."is_superuser", "auth_user"."username", "auth_user"."first_name", "auth_user"."last_name", "auth_user"."email", "auth_user"."is_staff", "auth_user"."is_active", "auth_user"."date_joined" FROM "auth_user" WHERE "auth_user"."id" = 1 LIMIT 21; args=(1,)
(0.000) SELECT "django_session"."session_key", "django_session"."session_data", "django_session"."expire_date" FROM "django_session" WHERE "django_session"."session_key" = 'lplcsvkdwg7xsukxxdjrtx6rl0fln663' LIMIT 21; args=('lplcsvkdwg7xsukxxdjrtx6rl0fln663',)
(0.421) DELETE FROM "django_session" WHERE "django_session"."session_key" IN ('lplcsvkdwg7xsukxxdjrtx6rl0fln663'); args=('lplcsvkdwg7xsukxxdjrtx6rl0fln663',)
(0.016) SELECT "auth_user"."id", "auth_user"."password", "auth_user"."last_login", "auth_user"."is_superuser", "auth_user"."username", "auth_user"."first_name", "auth_user"."last_name", "auth_user"."email", "auth_user"."is_staff", "auth_user"."is_active", "auth_user"."date_joined" FROM "auth_user" WHERE "auth_user"."username" = 'aneesh' LIMIT 21; args=('aneesh',)
(0.000) SELECT (1) AS "a" FROM "django_session" WHERE "django_session"."session_key" = 'g2rhmig4zmyhi6apdt8h0mg9ro3dirir' LIMIT 1; args=('g2rhmig4zmyhi6apdt8h0mg9ro3dirir',)
(0.000) INSERT INTO "django_session" ("session_key", "session_data", "expire_date") VALUES ('g2rhmig4zmyhi6apdt8h0mg9ro3dirir', 'e30:1lWxXs:jwvcx5Vx5EaoWoJhiqH4It19hFAA2fhsISlzzWJqqvE', '2021-04-29T08:40:16.508280+00:00'::timestamptz); args=('g2rhmig4zmyhi6apdt8h0mg9ro3dirir', 'e30:1lWxXs:jwvcx5Vx5EaoWoJhiqH4It19hFAA2fhsISlzzWJqqvE', datetime.datetime(2021, 4, 29, 8, 40, 16, 508280, tzinfo=<UTC>))
(0.032) UPDATE "auth_user" SET "last_login" = '2021-04-15T08:40:17.168798+00:00'::timestamptz WHERE "auth_user"."id" = 2; args=(datetime.datetime(2021, 4, 15, 8, 40, 17, 168798, tzinfo=<UTC>), 2)
(0.000) UPDATE "django_session" SET "session_data" = '.eJxVjEEOwiAQRe_C2hDKdCi4dO8ZCMMMtmpoUtqV8e7apAvd_vfef6mYtnWMW5MlTqzOyqrT70YpP6TugO-p3mad57ouE-ld0Qdt-jqzPC-H-3cwpjZ-6yKWQi7G9Wy8AV9yEEAhJg65c9gDdiU5iyAewA0kyAb9IB1IRjLq_QH1nTgI:1lWxXt:nmre-EJMzcz258zIZbKF5SsDlSD4wS6DqQZf9zO7Cpk', "expire_date" = '2021-04-29T08:40:17.216604+00:00'::timestamptz WHERE "django_session"."session_key" = 'g2rhmig4zmyhi6apdt8h0mg9ro3dirir'; args=('.eJxVjEEOwiAQRe_C2hDKdCi4dO8ZCMMMtmpoUtqV8e7apAvd_vfef6mYtnWMW5MlTqzOyqrT70YpP6TugO-p3mad57ouE-ld0Qdt-jqzPC-H-3cwpjZ-6yKWQi7G9Wy8AV9yEEAhJg65c9gDdiU5iyAewA0kyAb9IB1IRjLq_QH1nTgI:1lWxXt:nmre-EJMzcz258zIZbKF5SsDlSD4wS6DqQZf9zO7Cpk', datetime.datetime(2021, 4, 29, 8, 40, 17, 216604, tzinfo=<UTC>), 'g2rhmig4zmyhi6apdt8h0mg9ro3dirir')
(0.000) SELECT "django_session"."session_key", "django_session"."session_data", "django_session"."expire_date" FROM "django_session" WHERE ("django_session"."expire_date" > '2021-04-15T08:40:17.246054+00:00'::timestamptz AND "django_session"."session_key" = 'g2rhmig4zmyhi6apdt8h0mg9ro3dirir') LIMIT 21; args=(datetime.datetime(2021, 4, 15, 8, 40, 17, 246054, tzinfo=<UTC>), 'g2rhmig4zmyhi6apdt8h0mg9ro3dirir')
(0.015) SELECT "auth_user"."id", "auth_user"."password", "auth_user"."last_login", "auth_user"."is_superuser", "auth_user"."username", "auth_user"."first_name", "auth_user"."last_name", "auth_user"."email", "auth_user"."is_staff", "auth_user"."is_active", "auth_user"."date_joined" FROM "auth_user" WHERE "auth_user"."id" = 2 LIMIT 21; args=(2,)
(0.000) SELECT "profiles_status"."id", "profiles_status"."account_number", "profiles_status"."balance", "profiles_status"."user_name" FROM "profiles_status" WHERE "profiles_status"."user_name" = 'aneesh' LIMIT 21; args=('aneesh',)
(0.000) SELECT "django_session"."session_key", "django_session"."session_data", "django_session"."expire_date" FROM "django_session" WHERE ("django_session"."expire_date" > '2021-04-15T08:40:24.817421+00:00'::timestamptz AND "django_session"."session_key" = 'g2rhmig4zmyhi6apdt8h0mg9ro3dirir') LIMIT 21; args=(datetime.datetime(2021, 4, 15, 8, 40, 24, 817421, tzinfo=<UTC>), 'g2rhmig4zmyhi6apdt8h0mg9ro3dirir')
(0.000) SELECT "auth_user"."id", "auth_user"."password", "auth_user"."last_login", "auth_user"."is_superuser", "auth_user"."username", "auth_user"."first_name", "auth_user"."last_name", "auth_user"."email", "auth_user"."is_staff", "auth_user"."is_active", "auth_user"."date_joined" FROM "auth_user" WHERE "auth_user"."id" = 2 LIMIT 21; args=(2,)
(0.000) SELECT "django_session"."session_key", "django_session"."session_data", "django_session"."expire_date" FROM "django_session" WHERE ("django_session"."expire_date" > '2021-04-15T08:40:28.573465+00:00'::timestamptz AND "django_session"."session_key" = 'g2rhmig4zmyhi6apdt8h0mg9ro3dirir') LIMIT 21; args=(datetime.datetime(2021, 4, 15, 8, 40, 28, 573465, tzinfo=<UTC>), 'g2rhmig4zmyhi6apdt8h0mg9ro3dirir')
(0.016) SELECT "auth_user"."id", "auth_user"."password", "auth_user"."last_login", "auth_user"."is_superuser", "auth_user"."username", "auth_user"."first_name", "auth_user"."last_name", "auth_user"."email", "auth_user"."is_staff", "auth_user"."is_active", "auth_user"."date_joined" FROM "auth_user" WHERE "auth_user"."id" = 2 LIMIT 21; args=(2,)
(0.000) SELECT "profiles_status"."id", "profiles_status"."account_number", "profiles_status"."balance", "profiles_status"."user_name" FROM "profiles_status" WHERE "profiles_status"."user_name" = 'aneesh' LIMIT 21; args=('aneesh',)
(0.000) SELECT "django_session"."session_key", "django_session"."session_data", "django_session"."expire_date" FROM "django_session" WHERE ("django_session"."expire_date" > '2021-04-15T08:40:33.899717+00:00'::timestamptz AND "django_session"."session_key" = 'g2rhmig4zmyhi6apdt8h0mg9ro3dirir') LIMIT 21; args=(datetime.datetime(2021, 4, 15, 8, 40, 33, 899717, tzinfo=<UTC>), 'g2rhmig4zmyhi6apdt8h0mg9ro3dirir')
(0.000) SELECT "auth_user"."id", "auth_user"."password", "auth_user"."last_login", "auth_user"."is_superuser", "auth_user"."username", "auth_user"."first_name", "auth_user"."last_name", "auth_user"."email", "auth_user"."is_staff", "auth_user"."is_active", "auth_user"."date_joined" FROM "auth_user" WHERE "auth_user"."id" = 2 LIMIT 21; args=(2,)
(0.953) INSERT INTO "profiles_moneytransfer" ("enter_your_user_name", "enter_the_destination_account_number", "enter_the_amount_to_be_transferred_in_INR") VALUES ('aneesh', 409390, 10000) RETURNING "profiles_moneytransfer"."id"; args=('aneesh', 409390, 10000)
(0.000) SELECT "django_session"."session_key", "django_session"."session_data", "django_session"."expire_date" FROM "django_session" WHERE ("django_session"."expire_date" > '2021-04-15T08:40:45.672625+00:00'::timestamptz AND "django_session"."session_key" = 'g2rhmig4zmyhi6apdt8h0mg9ro3dirir') LIMIT 21; args=(datetime.datetime(2021, 4, 15, 8, 40, 45, 672625, tzinfo=<UTC>), 'g2rhmig4zmyhi6apdt8h0mg9ro3dirir')
(0.000) SELECT "auth_user"."id", "auth_user"."password", "auth_user"."last_login", "auth_user"."is_superuser", "auth_user"."username", "auth_user"."first_name", "auth_user"."last_name", "auth_user"."email", "auth_user"."is_staff", "auth_user"."is_active", "auth_user"."date_joined" FROM "auth_user" WHERE "auth_user"."id" = 2 LIMIT 21; args=(2,)
(0.000) SELECT "profiles_moneytransfer"."id", "profiles_moneytransfer"."enter_your_user_name", "profiles_moneytransfer"."enter_the_destination_account_number", "profiles_moneytransfer"."enter_the_amount_to_be_transferred_in_INR" FROM "profiles_moneytransfer" WHERE "profiles_moneytransfer"."enter_your_user_name" = 'aneesh' LIMIT 21; args=('aneesh',)
(0.000) SELECT "profiles_status"."id", "profiles_status"."account_number", "profiles_status"."balance", "profiles_status"."user_name" FROM "profiles_status" WHERE "profiles_status"."account_number" = 409390 LIMIT 21; args=(409390,)
(0.000) SELECT "profiles_status"."id", "profiles_status"."account_number", "profiles_status"."balance", "profiles_status"."user_name" FROM "profiles_status" WHERE "profiles_status"."user_name" = 'aneesh' LIMIT 21; args=('aneesh',)
(0.141) UPDATE "profiles_status" SET "account_number" = 409390, "balance" =  -8500, "user_name" = 'aneesh' WHERE "profiles_status"."id" = 2; args=(409390, -8500, 'aneesh', 2)
(0.172) UPDATE "profiles_status" SET "account_number" = 409390, "balance" = 11500, "user_name" = 'aneesh' WHERE "profiles_status"."id" = 2; args=(409390, 11500, 'aneesh', 2)
(0.094) DELETE FROM "profiles_moneytransfer" WHERE "profiles_moneytransfer"."id" IN (5); args=(5,)
(0.000) SELECT "django_session"."session_key", "django_session"."session_data", "django_session"."expire_date" FROM "django_session" WHERE ("django_session"."expire_date" > '2021-04-15T08:40:46.111751+00:00'::timestamptz AND "django_session"."session_key" = 'g2rhmig4zmyhi6apdt8h0mg9ro3dirir') LIMIT 21; args=(datetime.datetime(2021, 4, 15, 8, 40, 46, 111751, tzinfo=<UTC>), 'g2rhmig4zmyhi6apdt8h0mg9ro3dirir')
(0.000) SELECT "auth_user"."id", "auth_user"."password", "auth_user"."last_login", "auth_user"."is_superuser", "auth_user"."username", "auth_user"."first_name", "auth_user"."last_name", "auth_user"."email", "auth_user"."is_staff", "auth_user"."is_active", "auth_user"."date_joined" FROM "auth_user" WHERE "auth_user"."id" = 2 LIMIT 21; args=(2,)
(0.000) SELECT "django_session"."session_key", "django_session"."session_data", "django_session"."expire_date" FROM "django_session" WHERE ("django_session"."expire_date" > '2021-04-15T08:40:50.898310+00:00'::timestamptz AND "django_session"."session_key" = 'g2rhmig4zmyhi6apdt8h0mg9ro3dirir') LIMIT 21; args=(datetime.datetime(2021, 4, 15, 8, 40, 50, 898310, tzinfo=<UTC>), 'g2rhmig4zmyhi6apdt8h0mg9ro3dirir')
(0.000) SELECT "auth_user"."id", "auth_user"."password", "auth_user"."last_login", "auth_user"."is_superuser", "auth_user"."username", "auth_user"."first_name", "auth_user"."last_name", "auth_user"."email", "auth_user"."is_staff", "auth_user"."is_active", "auth_user"."date_joined" FROM "auth_user" WHERE "auth_user"."id" = 2 LIMIT 21; args=(2,)
(0.000) SELECT "profiles_status"."id", "profiles_status"."account_number", "profiles_status"."balance", "profiles_status"."user_name" FROM "profiles_status" WHERE "profiles_status"."user_name" = 'aneesh' LIMIT 21; args=('aneesh',)
(0.000) SELECT "django_session"."session_key", "django_session"."session_data", "django_session"."expire_date" FROM "django_session" WHERE ("django_session"."expire_date" > '2021-04-15T08:40:55.925325+00:00'::timestamptz AND "django_session"."session_key" = 'g2rhmig4zmyhi6apdt8h0mg9ro3dirir') LIMIT 21; args=(datetime.datetime(2021, 4, 15, 8, 40, 55, 925325, tzinfo=<UTC>), 'g2rhmig4zmyhi6apdt8h0mg9ro3dirir')
(0.000) SELECT "auth_user"."id", "auth_user"."password", "auth_user"."last_login", "auth_user"."is_superuser", "auth_user"."username", "auth_user"."first_name", "auth_user"."last_name", "auth_user"."email", "auth_user"."is_staff", "auth_user"."is_active", "auth_user"."date_joined" FROM "auth_user" WHERE "auth_user"."id" = 2 LIMIT 21; args=(2,)
(0.000) SELECT "django_session"."session_key", "django_session"."session_data", "django_session"."expire_date" FROM "django_session" WHERE "django_session"."session_key" = 'g2rhmig4zmyhi6apdt8h0mg9ro3dirir' LIMIT 21; args=('g2rhmig4zmyhi6apdt8h0mg9ro3dirir',)
(0.266) DELETE FROM "django_session" WHERE "django_session"."session_key" IN ('g2rhmig4zmyhi6apdt8h0mg9ro3dirir'); args=('g2rhmig4zmyhi6apdt8h0mg9ro3dirir',)
(0.000) SELECT "auth_user"."id", "auth_user"."password", "auth_user"."last_login", "auth_user"."is_superuser", "auth_user"."username", "auth_user"."first_name", "auth_user"."last_name", "auth_user"."email", "auth_user"."is_staff", "auth_user"."is_active", "auth_user"."date_joined" FROM "auth_user" WHERE "auth_user"."username" = 'karthik' LIMIT 21; args=('karthik',)
(0.000) SELECT (1) AS "a" FROM "django_session" WHERE "django_session"."session_key" = 'n4z1kysp3la1h10huq4tod7lgt1940bp' LIMIT 1; args=('n4z1kysp3la1h10huq4tod7lgt1940bp',)
(0.000) INSERT INTO "django_session" ("session_key", "session_data", "expire_date") VALUES ('n4z1kysp3la1h10huq4tod7lgt1940bp', 'e30:1lWxYi:hWtVRAMGBkJZMOkc4iD7fLtV2ocEla30FaQfU1Vnl0I', '2021-04-29T08:41:08.581004+00:00'::timestamptz); args=('n4z1kysp3la1h10huq4tod7lgt1940bp', 'e30:1lWxYi:hWtVRAMGBkJZMOkc4iD7fLtV2ocEla30FaQfU1Vnl0I', datetime.datetime(2021, 4, 29, 8, 41, 8, 581004, tzinfo=<UTC>))
(0.000) UPDATE "auth_user" SET "last_login" = '2021-04-15T08:41:08.587402+00:00'::timestamptz WHERE "auth_user"."id" = 1; args=(datetime.datetime(2021, 4, 15, 8, 41, 8, 587402, tzinfo=<UTC>), 1)
(0.000) UPDATE "django_session" SET "session_data" = '.eJxVjDsOwjAQBe_iGln4F8eU9DmDtd5d4wCypTipEHeHSCmgfTPzXiLCtpa4dV7iTOIilDj9bgnwwXUHdId6axJbXZc5yV2RB-1yasTP6-H-HRTo5Vv7bJRBD8E4jXTWA7LiZHMymEhzAG_1QE4HxeTZjoCGMqIbyWqXbBDvD_dVOJI:1lWxYi:CeMlOpzTeRbAW5bPWmyhgzD7rXhAvef66J9wAaYmV6Y', "expire_date" = '2021-04-29T08:41:08.589401+00:00'::timestamptz WHERE "django_session"."session_key" = 'n4z1kysp3la1h10huq4tod7lgt1940bp'; args=('.eJxVjDsOwjAQBe_iGln4F8eU9DmDtd5d4wCypTipEHeHSCmgfTPzXiLCtpa4dV7iTOIilDj9bgnwwXUHdId6axJbXZc5yV2RB-1yasTP6-H-HRTo5Vv7bJRBD8E4jXTWA7LiZHMymEhzAG_1QE4HxeTZjoCGMqIbyWqXbBDvD_dVOJI:1lWxYi:CeMlOpzTeRbAW5bPWmyhgzD7rXhAvef66J9wAaYmV6Y', datetime.datetime(2021, 4, 29, 8, 41, 8, 589401, tzinfo=<UTC>), 'n4z1kysp3la1h10huq4tod7lgt1940bp')
(0.000) SELECT "django_session"."session_key", "django_session"."session_data", "django_session"."expire_date" FROM "django_session" WHERE ("django_session"."expire_date" > '2021-04-15T08:41:08.601597+00:00'::timestamptz AND "django_session"."session_key" = 'n4z1kysp3la1h10huq4tod7lgt1940bp') LIMIT 21; args=(datetime.datetime(2021, 4, 15, 8, 41, 8, 601597, tzinfo=<UTC>), 'n4z1kysp3la1h10huq4tod7lgt1940bp')
(0.000) SELECT "auth_user"."id", "auth_user"."password", "auth_user"."last_login", "auth_user"."is_superuser", "auth_user"."username", "auth_user"."first_name", "auth_user"."last_name", "auth_user"."email", "auth_user"."is_staff", "auth_user"."is_active", "auth_user"."date_joined" FROM "auth_user" WHERE "auth_user"."id" = 1 LIMIT 21; args=(1,)
(0.000) SELECT "profiles_status"."id", "profiles_status"."account_number", "profiles_status"."balance", "profiles_status"."user_name" FROM "profiles_status" WHERE "profiles_status"."user_name" = 'karthik' LIMIT 21; args=('karthik',)
(0.000) SELECT "django_session"."session_key", "django_session"."session_data", "django_session"."expire_date" FROM "django_session" WHERE ("django_session"."expire_date" > '2021-04-15T08:41:12.509947+00:00'::timestamptz AND "django_session"."session_key" = 'n4z1kysp3la1h10huq4tod7lgt1940bp') LIMIT 21; args=(datetime.datetime(2021, 4, 15, 8, 41, 12, 509947, tzinfo=<UTC>), 'n4z1kysp3la1h10huq4tod7lgt1940bp')
(0.000) SELECT "auth_user"."id", "auth_user"."password", "auth_user"."last_login", "auth_user"."is_superuser", "auth_user"."username", "auth_user"."first_name", "auth_user"."last_name", "auth_user"."email", "auth_user"."is_staff", "auth_user"."is_active", "auth_user"."date_joined" FROM "auth_user" WHERE "auth_user"."id" = 1 LIMIT 21; args=(1,)
(0.032) INSERT INTO "profiles_moneytransfer" ("enter_your_user_name", "enter_the_destination_account_number", "enter_the_amount_to_be_transferred_in_INR") VALUES ('karthik', 409390, 1000) RETURNING "profiles_moneytransfer"."id"; args=('karthik', 409390, 1000)
(0.000) SELECT "django_session"."session_key", "django_session"."session_data", "django_session"."expire_date" FROM "django_session" WHERE ("django_session"."expire_date" > '2021-04-15T08:41:23.246340+00:00'::timestamptz AND "django_session"."session_key" = 'n4z1kysp3la1h10huq4tod7lgt1940bp') LIMIT 21; args=(datetime.datetime(2021, 4, 15, 8, 41, 23, 246340, tzinfo=<UTC>), 'n4z1kysp3la1h10huq4tod7lgt1940bp')
(0.000) SELECT "auth_user"."id", "auth_user"."password", "auth_user"."last_login", "auth_user"."is_superuser", "auth_user"."username", "auth_user"."first_name", "auth_user"."last_name", "auth_user"."email", "auth_user"."is_staff", "auth_user"."is_active", "auth_user"."date_joined" FROM "auth_user" WHERE "auth_user"."id" = 1 LIMIT 21; args=(1,)
(0.000) SELECT "profiles_moneytransfer"."id", "profiles_moneytransfer"."enter_your_user_name", "profiles_moneytransfer"."enter_the_destination_account_number", "profiles_moneytransfer"."enter_the_amount_to_be_transferred_in_INR" FROM "profiles_moneytransfer" WHERE "profiles_moneytransfer"."enter_your_user_name" = 'karthik' LIMIT 21; args=('karthik',)
(0.000) SELECT "profiles_status"."id", "profiles_status"."account_number", "profiles_status"."balance", "profiles_status"."user_name" FROM "profiles_status" WHERE "profiles_status"."account_number" = 409390 LIMIT 21; args=(409390,)
(0.000) SELECT "profiles_status"."id", "profiles_status"."account_number", "profiles_status"."balance", "profiles_status"."user_name" FROM "profiles_status" WHERE "profiles_status"."user_name" = 'karthik' LIMIT 21; args=('karthik',)
(0.031) UPDATE "profiles_status" SET "account_number" = 661597, "balance" = 1000, "user_name" = 'karthik' WHERE "profiles_status"."id" = 1; args=(661597, 1000, 'karthik', 1)
(0.062) UPDATE "profiles_status" SET "account_number" = 409390, "balance" = 12500, "user_name" = 'aneesh' WHERE "profiles_status"."id" = 2; args=(409390, 12500, 'aneesh', 2)
(0.078) DELETE FROM "profiles_moneytransfer" WHERE "profiles_moneytransfer"."id" IN (6); args=(6,)
(0.000) SELECT "django_session"."session_key", "django_session"."session_data", "django_session"."expire_date" FROM "django_session" WHERE ("django_session"."expire_date" > '2021-04-15T08:41:23.462489+00:00'::timestamptz AND "django_session"."session_key" = 'n4z1kysp3la1h10huq4tod7lgt1940bp') LIMIT 21; args=(datetime.datetime(2021, 4, 15, 8, 41, 23, 462489, tzinfo=<UTC>), 'n4z1kysp3la1h10huq4tod7lgt1940bp')
(0.000) SELECT "auth_user"."id", "auth_user"."password", "auth_user"."last_login", "auth_user"."is_superuser", "auth_user"."username", "auth_user"."first_name", "auth_user"."last_name", "auth_user"."email", "auth_user"."is_staff", "auth_user"."is_active", "auth_user"."date_joined" FROM "auth_user" WHERE "auth_user"."id" = 1 LIMIT 21; args=(1,)
(0.000) SELECT "django_session"."session_key", "django_session"."session_data", "django_session"."expire_date" FROM "django_session" WHERE ("django_session"."expire_date" > '2021-04-15T08:41:24.620537+00:00'::timestamptz AND "django_session"."session_key" = 'n4z1kysp3la1h10huq4tod7lgt1940bp') LIMIT 21; args=(datetime.datetime(2021, 4, 15, 8, 41, 24, 620537, tzinfo=<UTC>), 'n4z1kysp3la1h10huq4tod7lgt1940bp')
(0.000) SELECT "auth_user"."id", "auth_user"."password", "auth_user"."last_login", "auth_user"."is_superuser", "auth_user"."username", "auth_user"."first_name", "auth_user"."last_name", "auth_user"."email", "auth_user"."is_staff", "auth_user"."is_active", "auth_user"."date_joined" FROM "auth_user" WHERE "auth_user"."id" = 1 LIMIT 21; args=(1,)
(0.015) SELECT "profiles_status"."id", "profiles_status"."account_number", "profiles_status"."balance", "profiles_status"."user_name" FROM "profiles_status" WHERE "profiles_status"."user_name" = 'karthik' LIMIT 21; args=('karthik',)
(0.016) SELECT "django_session"."session_key", "django_session"."session_data", "django_session"."expire_date" FROM "django_session" WHERE ("django_session"."expire_date" > '2021-04-15T08:41:26.854156+00:00'::timestamptz AND "django_session"."session_key" = 'n4z1kysp3la1h10huq4tod7lgt1940bp') LIMIT 21; args=(datetime.datetime(2021, 4, 15, 8, 41, 26, 854156, tzinfo=<UTC>), 'n4z1kysp3la1h10huq4tod7lgt1940bp')
(0.000) SELECT "auth_user"."id", "auth_user"."password", "auth_user"."last_login", "auth_user"."is_superuser", "auth_user"."username", "auth_user"."first_name", "auth_user"."last_name", "auth_user"."email", "auth_user"."is_staff", "auth_user"."is_active", "auth_user"."date_joined" FROM "auth_user" WHERE "auth_user"."id" = 1 LIMIT 21; args=(1,)
(0.000) SELECT "django_session"."session_key", "django_session"."session_data", "django_session"."expire_date" FROM "django_session" WHERE "django_session"."session_key" = 'n4z1kysp3la1h10huq4tod7lgt1940bp' LIMIT 21; args=('n4z1kysp3la1h10huq4tod7lgt1940bp',)
(0.000) DELETE FROM "django_session" WHERE "django_session"."session_key" IN ('n4z1kysp3la1h10huq4tod7lgt1940bp'); args=('n4z1kysp3la1h10huq4tod7lgt1940bp',)
(0.016) 
            SELECT c.relname,
            CASE WHEN c.relispartition THEN 'p' WHEN c.relkind IN ('m', 'v') THEN 'v' ELSE 't' END
            FROM pg_catalog.pg_class c
            LEFT JOIN pg_catalog.pg_namespace n ON n.oid = c.relnamespace
            WHERE c.relkind IN ('f', 'm', 'p', 'r', 'v')
                AND n.nspname NOT IN ('pg_catalog', 'pg_toast')
                AND pg_catalog.pg_table_is_visible(c.oid)
        ; args=None
(0.000) SELECT "django_migrations"."id", "django_migrations"."app", "django_migrations"."name", "django_migrations"."applied" FROM "django_migrations"; args=()
(0.000) SELECT "auth_user"."id", "auth_user"."password", "auth_user"."last_login", "auth_user"."is_superuser", "auth_user"."username", "auth_user"."first_name", "auth_user"."last_name", "auth_user"."email", "auth_user"."is_staff", "auth_user"."is_active", "auth_user"."date_joined" FROM "auth_user" WHERE "auth_user"."username" = 'aneesh' LIMIT 21; args=('aneesh',)
(0.000) SELECT (1) AS "a" FROM "django_session" WHERE "django_session"."session_key" = 'iieniinn2wshbk2g6j7ixefswpobpd2m' LIMIT 1; args=('iieniinn2wshbk2g6j7ixefswpobpd2m',)
(0.000) INSERT INTO "django_session" ("session_key", "session_data", "expire_date") VALUES ('iieniinn2wshbk2g6j7ixefswpobpd2m', 'e30:1lWxgq:LfHs5Pf43LPu37I9PeNuwoW8ug2jc3LH6p1a5kndGNQ', '2021-04-29T08:49:32.818588+00:00'::timestamptz); args=('iieniinn2wshbk2g6j7ixefswpobpd2m', 'e30:1lWxgq:LfHs5Pf43LPu37I9PeNuwoW8ug2jc3LH6p1a5kndGNQ', datetime.datetime(2021, 4, 29, 8, 49, 32, 818588, tzinfo=<UTC>))
(0.031) UPDATE "auth_user" SET "last_login" = '2021-04-15T08:49:32.826967+00:00'::timestamptz WHERE "auth_user"."id" = 2; args=(datetime.datetime(2021, 4, 15, 8, 49, 32, 826967, tzinfo=<UTC>), 2)
(0.000) UPDATE "django_session" SET "session_data" = '.eJxVjEEOwiAQRe_C2hDKdCi4dO8ZCMMMtmpoUtqV8e7apAvd_vfef6mYtnWMW5MlTqzOyqrT70YpP6TugO-p3mad57ouE-ld0Qdt-jqzPC-H-3cwpjZ-6yKWQi7G9Wy8AV9yEEAhJg65c9gDdiU5iyAewA0kyAb9IB1IRjLq_QH1nTgI:1lWxgq:2DnfZImIHDUYhK9PYZPq1JUEsgQzqqaOwasDpnLNLws', "expire_date" = '2021-04-29T08:49:32.857456+00:00'::timestamptz WHERE "django_session"."session_key" = 'iieniinn2wshbk2g6j7ixefswpobpd2m'; args=('.eJxVjEEOwiAQRe_C2hDKdCi4dO8ZCMMMtmpoUtqV8e7apAvd_vfef6mYtnWMW5MlTqzOyqrT70YpP6TugO-p3mad57ouE-ld0Qdt-jqzPC-H-3cwpjZ-6yKWQi7G9Wy8AV9yEEAhJg65c9gDdiU5iyAewA0kyAb9IB1IRjLq_QH1nTgI:1lWxgq:2DnfZImIHDUYhK9PYZPq1JUEsgQzqqaOwasDpnLNLws', datetime.datetime(2021, 4, 29, 8, 49, 32, 857456, tzinfo=<UTC>), 'iieniinn2wshbk2g6j7ixefswpobpd2m')
(0.000) SELECT "django_session"."session_key", "django_session"."session_data", "django_session"."expire_date" FROM "django_session" WHERE ("django_session"."expire_date" > '2021-04-15T08:49:32.885536+00:00'::timestamptz AND "django_session"."session_key" = 'iieniinn2wshbk2g6j7ixefswpobpd2m') LIMIT 21; args=(datetime.datetime(2021, 4, 15, 8, 49, 32, 885536, tzinfo=<UTC>), 'iieniinn2wshbk2g6j7ixefswpobpd2m')
(0.000) SELECT "auth_user"."id", "auth_user"."password", "auth_user"."last_login", "auth_user"."is_superuser", "auth_user"."username", "auth_user"."first_name", "auth_user"."last_name", "auth_user"."email", "auth_user"."is_staff", "auth_user"."is_active", "auth_user"."date_joined" FROM "auth_user" WHERE "auth_user"."id" = 2 LIMIT 21; args=(2,)
(0.000) SELECT "profiles_status"."id", "profiles_status"."account_number", "profiles_status"."balance", "profiles_status"."user_name" FROM "profiles_status" WHERE "profiles_status"."user_name" = 'aneesh' LIMIT 21; args=('aneesh',)
(0.000) SELECT "django_session"."session_key", "django_session"."session_data", "django_session"."expire_date" FROM "django_session" WHERE ("django_session"."expire_date" > '2021-04-15T08:49:42.091812+00:00'::timestamptz AND "django_session"."session_key" = 'iieniinn2wshbk2g6j7ixefswpobpd2m') LIMIT 21; args=(datetime.datetime(2021, 4, 15, 8, 49, 42, 91812, tzinfo=<UTC>), 'iieniinn2wshbk2g6j7ixefswpobpd2m')
(0.000) SELECT "auth_user"."id", "auth_user"."password", "auth_user"."last_login", "auth_user"."is_superuser", "auth_user"."username", "auth_user"."first_name", "auth_user"."last_name", "auth_user"."email", "auth_user"."is_staff", "auth_user"."is_active", "auth_user"."date_joined" FROM "auth_user" WHERE "auth_user"."id" = 2 LIMIT 21; args=(2,)
(0.016) INSERT INTO "profiles_moneytransfer" ("enter_your_user_name", "enter_the_destination_account_number", "enter_the_amount_to_be_transferred_in_INR") VALUES ('aneesh', 409390, 500) RETURNING "profiles_moneytransfer"."id"; args=('aneesh', 409390, 500)
(0.000) SELECT "django_session"."session_key", "django_session"."session_data", "django_session"."expire_date" FROM "django_session" WHERE ("django_session"."expire_date" > '2021-04-15T08:49:51.159356+00:00'::timestamptz AND "django_session"."session_key" = 'iieniinn2wshbk2g6j7ixefswpobpd2m') LIMIT 21; args=(datetime.datetime(2021, 4, 15, 8, 49, 51, 159356, tzinfo=<UTC>), 'iieniinn2wshbk2g6j7ixefswpobpd2m')
(0.000) SELECT "auth_user"."id", "auth_user"."password", "auth_user"."last_login", "auth_user"."is_superuser", "auth_user"."username", "auth_user"."first_name", "auth_user"."last_name", "auth_user"."email", "auth_user"."is_staff", "auth_user"."is_active", "auth_user"."date_joined" FROM "auth_user" WHERE "auth_user"."id" = 2 LIMIT 21; args=(2,)
(0.000) SELECT "profiles_moneytransfer"."id", "profiles_moneytransfer"."enter_your_user_name", "profiles_moneytransfer"."enter_the_destination_account_number", "profiles_moneytransfer"."enter_the_amount_to_be_transferred_in_INR" FROM "profiles_moneytransfer" WHERE "profiles_moneytransfer"."enter_your_user_name" = 'aneesh' LIMIT 21; args=('aneesh',)
(0.000) SELECT "profiles_status"."id", "profiles_status"."account_number", "profiles_status"."balance", "profiles_status"."user_name" FROM "profiles_status" WHERE "profiles_status"."account_number" = 409390 LIMIT 21; args=(409390,)
(0.000) SELECT "profiles_status"."id", "profiles_status"."account_number", "profiles_status"."balance", "profiles_status"."user_name" FROM "profiles_status" WHERE "profiles_status"."user_name" = 'aneesh' LIMIT 21; args=('aneesh',)
(0.016) UPDATE "profiles_status" SET "account_number" = 409390, "balance" = 12000, "user_name" = 'aneesh' WHERE "profiles_status"."id" = 2; args=(409390, 12000, 'aneesh', 2)
(0.000) UPDATE "profiles_status" SET "account_number" = 409390, "balance" = 13000, "user_name" = 'aneesh' WHERE "profiles_status"."id" = 2; args=(409390, 13000, 'aneesh', 2)
(0.000) DELETE FROM "profiles_moneytransfer" WHERE "profiles_moneytransfer"."id" IN (7); args=(7,)
(0.000) SELECT "django_session"."session_key", "django_session"."session_data", "django_session"."expire_date" FROM "django_session" WHERE ("django_session"."expire_date" > '2021-04-15T08:49:51.202241+00:00'::timestamptz AND "django_session"."session_key" = 'iieniinn2wshbk2g6j7ixefswpobpd2m') LIMIT 21; args=(datetime.datetime(2021, 4, 15, 8, 49, 51, 202241, tzinfo=<UTC>), 'iieniinn2wshbk2g6j7ixefswpobpd2m')
(0.000) SELECT "auth_user"."id", "auth_user"."password", "auth_user"."last_login", "auth_user"."is_superuser", "auth_user"."username", "auth_user"."first_name", "auth_user"."last_name", "auth_user"."email", "auth_user"."is_staff", "auth_user"."is_active", "auth_user"."date_joined" FROM "auth_user" WHERE "auth_user"."id" = 2 LIMIT 21; args=(2,)
(0.000) SELECT "django_session"."session_key", "django_session"."session_data", "django_session"."expire_date" FROM "django_session" WHERE ("django_session"."expire_date" > '2021-04-15T08:49:52.715592+00:00'::timestamptz AND "django_session"."session_key" = 'iieniinn2wshbk2g6j7ixefswpobpd2m') LIMIT 21; args=(datetime.datetime(2021, 4, 15, 8, 49, 52, 715592, tzinfo=<UTC>), 'iieniinn2wshbk2g6j7ixefswpobpd2m')
(0.000) SELECT "auth_user"."id", "auth_user"."password", "auth_user"."last_login", "auth_user"."is_superuser", "auth_user"."username", "auth_user"."first_name", "auth_user"."last_name", "auth_user"."email", "auth_user"."is_staff", "auth_user"."is_active", "auth_user"."date_joined" FROM "auth_user" WHERE "auth_user"."id" = 2 LIMIT 21; args=(2,)
(0.000) SELECT "profiles_status"."id", "profiles_status"."account_number", "profiles_status"."balance", "profiles_status"."user_name" FROM "profiles_status" WHERE "profiles_status"."user_name" = 'aneesh' LIMIT 21; args=('aneesh',)
(0.000) SELECT "django_session"."session_key", "django_session"."session_data", "django_session"."expire_date" FROM "django_session" WHERE ("django_session"."expire_date" > '2021-04-15T08:50:01.975451+00:00'::timestamptz AND "django_session"."session_key" = 'iieniinn2wshbk2g6j7ixefswpobpd2m') LIMIT 21; args=(datetime.datetime(2021, 4, 15, 8, 50, 1, 975451, tzinfo=<UTC>), 'iieniinn2wshbk2g6j7ixefswpobpd2m')
(0.016) SELECT "auth_user"."id", "auth_user"."password", "auth_user"."last_login", "auth_user"."is_superuser", "auth_user"."username", "auth_user"."first_name", "auth_user"."last_name", "auth_user"."email", "auth_user"."is_staff", "auth_user"."is_active", "auth_user"."date_joined" FROM "auth_user" WHERE "auth_user"."id" = 2 LIMIT 21; args=(2,)
(0.062) INSERT INTO "profiles_moneytransfer" ("enter_your_user_name", "enter_the_destination_account_number", "enter_the_amount_to_be_transferred_in_INR") VALUES ('aneesh', 409390, 2000) RETURNING "profiles_moneytransfer"."id"; args=('aneesh', 409390, 2000)
(0.000) SELECT "django_session"."session_key", "django_session"."session_data", "django_session"."expire_date" FROM "django_session" WHERE ("django_session"."expire_date" > '2021-04-15T08:50:10.638959+00:00'::timestamptz AND "django_session"."session_key" = 'iieniinn2wshbk2g6j7ixefswpobpd2m') LIMIT 21; args=(datetime.datetime(2021, 4, 15, 8, 50, 10, 638959, tzinfo=<UTC>), 'iieniinn2wshbk2g6j7ixefswpobpd2m')
(0.000) SELECT "auth_user"."id", "auth_user"."password", "auth_user"."last_login", "auth_user"."is_superuser", "auth_user"."username", "auth_user"."first_name", "auth_user"."last_name", "auth_user"."email", "auth_user"."is_staff", "auth_user"."is_active", "auth_user"."date_joined" FROM "auth_user" WHERE "auth_user"."id" = 2 LIMIT 21; args=(2,)
(0.000) SELECT "profiles_moneytransfer"."id", "profiles_moneytransfer"."enter_your_user_name", "profiles_moneytransfer"."enter_the_destination_account_number", "profiles_moneytransfer"."enter_the_amount_to_be_transferred_in_INR" FROM "profiles_moneytransfer" WHERE "profiles_moneytransfer"."enter_your_user_name" = 'aneesh' LIMIT 21; args=('aneesh',)
(0.000) SELECT "profiles_status"."id", "profiles_status"."account_number", "profiles_status"."balance", "profiles_status"."user_name" FROM "profiles_status" WHERE "profiles_status"."account_number" = 409390 LIMIT 21; args=(409390,)
(0.000) SELECT "profiles_status"."id", "profiles_status"."account_number", "profiles_status"."balance", "profiles_status"."user_name" FROM "profiles_status" WHERE "profiles_status"."user_name" = 'aneesh' LIMIT 21; args=('aneesh',)
(0.063) UPDATE "profiles_status" SET "account_number" = 409390, "balance" = 11000, "user_name" = 'aneesh' WHERE "profiles_status"."id" = 2; args=(409390, 11000, 'aneesh', 2)
(0.015) UPDATE "profiles_status" SET "account_number" = 409390, "balance" = 15000, "user_name" = 'aneesh' WHERE "profiles_status"."id" = 2; args=(409390, 15000, 'aneesh', 2)
(0.032) DELETE FROM "profiles_moneytransfer" WHERE "profiles_moneytransfer"."id" IN (8); args=(8,)
(0.000) SELECT "django_session"."session_key", "django_session"."session_data", "django_session"."expire_date" FROM "django_session" WHERE ("django_session"."expire_date" > '2021-04-15T08:50:10.776523+00:00'::timestamptz AND "django_session"."session_key" = 'iieniinn2wshbk2g6j7ixefswpobpd2m') LIMIT 21; args=(datetime.datetime(2021, 4, 15, 8, 50, 10, 776523, tzinfo=<UTC>), 'iieniinn2wshbk2g6j7ixefswpobpd2m')
(0.000) SELECT "auth_user"."id", "auth_user"."password", "auth_user"."last_login", "auth_user"."is_superuser", "auth_user"."username", "auth_user"."first_name", "auth_user"."last_name", "auth_user"."email", "auth_user"."is_staff", "auth_user"."is_active", "auth_user"."date_joined" FROM "auth_user" WHERE "auth_user"."id" = 2 LIMIT 21; args=(2,)
(0.000) SELECT "django_session"."session_key", "django_session"."session_data", "django_session"."expire_date" FROM "django_session" WHERE ("django_session"."expire_date" > '2021-04-15T08:50:12.202858+00:00'::timestamptz AND "django_session"."session_key" = 'iieniinn2wshbk2g6j7ixefswpobpd2m') LIMIT 21; args=(datetime.datetime(2021, 4, 15, 8, 50, 12, 202858, tzinfo=<UTC>), 'iieniinn2wshbk2g6j7ixefswpobpd2m')
(0.000) SELECT "auth_user"."id", "auth_user"."password", "auth_user"."last_login", "auth_user"."is_superuser", "auth_user"."username", "auth_user"."first_name", "auth_user"."last_name", "auth_user"."email", "auth_user"."is_staff", "auth_user"."is_active", "auth_user"."date_joined" FROM "auth_user" WHERE "auth_user"."id" = 2 LIMIT 21; args=(2,)
(0.000) SELECT "profiles_status"."id", "profiles_status"."account_number", "profiles_status"."balance", "profiles_status"."user_name" FROM "profiles_status" WHERE "profiles_status"."user_name" = 'aneesh' LIMIT 21; args=('aneesh',)
(0.000) SELECT "django_session"."session_key", "django_session"."session_data", "django_session"."expire_date" FROM "django_session" WHERE ("django_session"."expire_date" > '2021-04-15T08:50:15.348686+00:00'::timestamptz AND "django_session"."session_key" = 'iieniinn2wshbk2g6j7ixefswpobpd2m') LIMIT 21; args=(datetime.datetime(2021, 4, 15, 8, 50, 15, 348686, tzinfo=<UTC>), 'iieniinn2wshbk2g6j7ixefswpobpd2m')
(0.000) SELECT "auth_user"."id", "auth_user"."password", "auth_user"."last_login", "auth_user"."is_superuser", "auth_user"."username", "auth_user"."first_name", "auth_user"."last_name", "auth_user"."email", "auth_user"."is_staff", "auth_user"."is_active", "auth_user"."date_joined" FROM "auth_user" WHERE "auth_user"."id" = 2 LIMIT 21; args=(2,)
(0.000) SELECT "django_session"."session_key", "django_session"."session_data", "django_session"."expire_date" FROM "django_session" WHERE "django_session"."session_key" = 'iieniinn2wshbk2g6j7ixefswpobpd2m' LIMIT 21; args=('iieniinn2wshbk2g6j7ixefswpobpd2m',)
(0.016) DELETE FROM "django_session" WHERE "django_session"."session_key" IN ('iieniinn2wshbk2g6j7ixefswpobpd2m'); args=('iieniinn2wshbk2g6j7ixefswpobpd2m',)
